[debug] [2022-03-06T16:41:06.886Z] ----------------------------------------------------------------------
[debug] [2022-03-06T16:41:06.888Z] Command:       C:\Program Files\nodejs\node.exe C:\Users\Admin\AppData\Roaming\npm\node_modules\firebase-tools\lib\bin\firebase.js init hosting
[debug] [2022-03-06T16:41:06.888Z] CLI Version:   10.2.2
[debug] [2022-03-06T16:41:06.888Z] Platform:      win32
[debug] [2022-03-06T16:41:06.888Z] Node Version:  v14.18.1
[debug] [2022-03-06T16:41:06.889Z] Time:          Sun Mar 06 2022 08:41:06 GMT-0800 (Pacific Standard Time)
[debug] [2022-03-06T16:41:06.889Z] ----------------------------------------------------------------------
[debug] 
[debug] [2022-03-06T16:41:06.891Z] >>> [apiv2][query] GET https://firebase-public.firebaseio.com/cli.json [none]
[debug] [2022-03-06T16:41:06.957Z] > command requires scopes: ["email","openid","https://www.googleapis.com/auth/cloudplatformprojects.readonly","https://www.googleapis.com/auth/firebase","https://www.googleapis.com/auth/cloud-platform"]
[debug] [2022-03-06T16:41:06.957Z] > authorizing via signed-in user (peronif5@gmail.com)
[info] 
     ######## #### ########  ######## ########     ###     ######  ########
     ##        ##  ##     ## ##       ##     ##  ##   ##  ##       ##
     ######    ##  ########  ######   ########  #########  ######  ######
     ##        ##  ##    ##  ##       ##     ## ##     ##       ## ##
     ##       #### ##     ## ######## ########  ##     ##  ######  ########

You're about to initialize a Firebase project in this directory:

  C:\Users\Admin\MyWorkspace\PalmTreeWorkspace\PalmDApp

Before we get started, keep in mind:

  * You are initializing within an existing Firebase project directory

[debug] [2022-03-06T16:41:07.116Z] <<< [apiv2][status] GET https://firebase-public.firebaseio.com/cli.json 200
[debug] [2022-03-06T16:41:07.116Z] <<< [apiv2][body] GET https://firebase-public.firebaseio.com/cli.json {"cloudBuildErrorAfter":1594252800000,"cloudBuildWarnAfter":1590019200000,"defaultNode10After":1594252800000,"minVersion":"3.0.5","node8DeploysDisabledAfter":1613390400000,"node8RuntimeDisabledAfter":1615809600000,"node8WarnAfter":1600128000000}
[info] 
=== Project Setup
[info] 
[info] First, let's associate this project directory with a Firebase project.
[info] You can create multiple project aliases by running firebase use --add, 
[info] but for now we'll just set up a default project.
[info] 
[debug] [2022-03-06T16:41:09.957Z] Using project from CLI flag: palmdapp-ee6fa
[debug] [2022-03-06T16:41:09.957Z] > refreshing access token with scopes: []
[debug] [2022-03-06T16:41:09.958Z] >>> HTTP REQUEST POST https://www.googleapis.com/oauth2/v3/token  
 <request body omitted>
[debug] [2022-03-06T16:41:10.064Z] <<< HTTP RESPONSE 200 {"cache-control":"no-cache, no-store, max-age=0, must-revalidate","expires":"Mon, 01 Jan 1990 00:00:00 GMT","pragma":"no-cache","date":"Sun, 06 Mar 2022 16:41:10 GMT","content-type":"application/json; charset=utf-8","vary":"X-Origin, Referer, Origin,Accept-Encoding","server":"scaffolding on HTTPServer2","x-xss-protection":"0","x-frame-options":"SAMEORIGIN","x-content-type-options":"nosniff","alt-svc":"h3=\":443\"; ma=2592000,h3-29=\":443\"; ma=2592000,h3-Q050=\":443\"; ma=2592000,h3-Q046=\":443\"; ma=2592000,h3-Q043=\":443\"; ma=2592000,quic=\":443\"; ma=2592000; v=\"46,43\"","accept-ranges":"none","transfer-encoding":"chunked"}
[debug] [2022-03-06T16:41:10.069Z] >>> [apiv2][query] GET https://firebase.googleapis.com/v1beta1/projects/palmdapp-ee6fa [none]
[debug] [2022-03-06T16:41:10.365Z] <<< [apiv2][status] GET https://firebase.googleapis.com/v1beta1/projects/palmdapp-ee6fa 403
[debug] [2022-03-06T16:41:10.365Z] <<< [apiv2][body] GET https://firebase.googleapis.com/v1beta1/projects/palmdapp-ee6fa {"error":{"code":403,"message":"The caller does not have permission","status":"PERMISSION_DENIED"}}
[debug] [2022-03-06T16:41:10.366Z] HTTP Error: 403, The caller does not have permission
[debug] [2022-03-06T16:41:10.408Z] FirebaseError: HTTP Error: 403, The caller does not have permission
    at module.exports (C:\Users\Admin\AppData\Roaming\npm\node_modules\firebase-tools\lib\responseToError.js:47:12)
    at RetryOperation._fn (C:\Users\Admin\AppData\Roaming\npm\node_modules\firebase-tools\lib\apiv2.js:286:39)
    at processTicksAndRejections (internal/process/task_queues.js:95:5)
[error] 
[error] Error: Failed to get Firebase project palmdapp-ee6fa. Please make sure the project exists and your account has permission to access it.
[debug] [2022-03-06T16:41:34.488Z] ----------------------------------------------------------------------
[debug] [2022-03-06T16:41:34.490Z] Command:       C:\Program Files\nodejs\node.exe C:\Users\Admin\AppData\Roaming\npm\node_modules\firebase-tools\lib\bin\firebase.js init hosting
[debug] [2022-03-06T16:41:34.490Z] CLI Version:   10.2.2
[debug] [2022-03-06T16:41:34.490Z] Platform:      win32
[debug] [2022-03-06T16:41:34.490Z] Node Version:  v14.18.1
[debug] [2022-03-06T16:41:34.491Z] Time:          Sun Mar 06 2022 08:41:34 GMT-0800 (Pacific Standard Time)
[debug] [2022-03-06T16:41:34.491Z] ----------------------------------------------------------------------
[debug] 
[debug] [2022-03-06T16:41:34.497Z] > command requires scopes: ["email","openid","https://www.googleapis.com/auth/cloudplatformprojects.readonly","https://www.googleapis.com/auth/firebase","https://www.googleapis.com/auth/cloud-platform"]
[debug] [2022-03-06T16:41:34.497Z] > authorizing via signed-in user (peronif5@gmail.com)
[info] 
     ######## #### ########  ######## ########     ###     ######  ########
     ##        ##  ##     ## ##       ##     ##  ##   ##  ##       ##
     ######    ##  ########  ######   ########  #########  ######  ######
     ##        ##  ##    ##  ##       ##     ## ##     ##       ## ##
     ##       #### ##     ## ######## ########  ##     ##  ######  ########

You're about to initialize a Firebase project in this directory:

  C:\Users\Admin\MyWorkspace\PalmTreeWorkspace\PalmDApp

[info] 
=== Project Setup
[info] 
[info] First, let's associate this project directory with a Firebase project.
[info] You can create multiple project aliases by running firebase use --add, 
[info] but for now we'll just set up a default project.
[info] 
[debug] [2022-03-06T16:41:38.336Z] >>> [apiv2][query] GET https://firebase.googleapis.com/v1beta1/projects pageSize=100
[debug] [2022-03-06T16:41:38.615Z] <<< [apiv2][status] GET https://firebase.googleapis.com/v1beta1/projects 200
[debug] [2022-03-06T16:41:38.615Z] <<< [apiv2][body] GET https://firebase.googleapis.com/v1beta1/projects [omitted]
[info] i  Using project palmdapp (PalmDApp) 
[info] 
=== Hosting Setup
[info] 
[info] Your public directory is the folder (relative to your project directory) that
[info] will contain Hosting assets to be uploaded with firebase deploy. If you
[info] have a build process for your assets, use your build's output directory.
[info] 
[info] +  Wrote public/404.html 
[debug] [2022-03-06T16:41:54.698Z] >>> [apiv2][query] GET https://www.gstatic.com/firebasejs/releases.json [none]
[debug] [2022-03-06T16:41:54.854Z] <<< [apiv2][status] GET https://www.gstatic.com/firebasejs/releases.json 200
[debug] [2022-03-06T16:41:54.854Z] <<< [apiv2][body] GET https://www.gstatic.com/firebasejs/releases.json {"current":{"version":"9.6.8","browserURL":"https://www.gstatic.com/firebasejs/9.6.8/firebase.js","packageURL":"https://www.gstatic.com/firebasejs/9.6.8/firebase.tgz"},"live":{"version":"9.6","browserURL":"https://www.gstatic.com/firebasejs/live/9.6/firebase.js","packageURL":"https://www.gstatic.com/firebasejs/live/9.6/firebase.tgz"},"components":{"analytics":"https://www.gstatic.com/firebasejs/9.6.8/firebase-analytics.js","app":"https://www.gstatic.com/firebasejs/9.6.8/firebase-app.js","app-check":"https://www.gstatic.com/firebasejs/9.6.8/firebase-app-check.js","auth":"https://www.gstatic.com/firebasejs/9.6.8/firebase-auth.js","auth/cordova":"https://www.gstatic.com/firebasejs/9.6.8/firebase-auth/cordova.js","auth/react-native":"https://www.gstatic.com/firebasejs/9.6.8/firebase-auth/react-native.js","functions":"https://www.gstatic.com/firebasejs/9.6.8/firebase-functions.js","firestore":"https://www.gstatic.com/firebasejs/9.6.8/firebase-firestore.js","firestore/lite":"https://www.gstatic.com/firebasejs/9.6.8/firebase-firestore/lite.js","storage":"https://www.gstatic.com/firebasejs/9.6.8/firebase-storage.js","performance":"https://www.gstatic.com/firebasejs/9.6.8/firebase-performance.js","remote-config":"https://www.gstatic.com/firebasejs/9.6.8/firebase-remote-config.js","messaging":"https://www.gstatic.com/firebasejs/9.6.8/firebase-messaging.js","messaging/sw":"https://www.gstatic.com/firebasejs/9.6.8/firebase-messaging/sw.js","database":"https://www.gstatic.com/firebasejs/9.6.8/firebase-database.js","firestore.memory":"https://www.gstatic.com/firebasejs/9.6.8/firebase-firestore.memory.js"}}
[info] i  Skipping write of public/index.html 
[info] 
[info] i  Detected a .git folder at C:\Users\Admin\MyWorkspace\PalmTreeWorkspace\PalmDApp 
[info] i  Authorizing with GitHub to upload your service account to a GitHub repository's secrets store. 
[info] 
[info] Visit this URL on this device to log in:
[info] https://github.com/login/oauth/authorize?client_id=89cf50f02ac6aaed3484&state=200583856&redirect_uri=http%3A%2F%2Flocalhost%3A9005&scope=read%3Auser%20repo%20public_repo
[info] 
[info] Waiting for authentication...
[debug] [2022-03-06T16:42:04.144Z] >>> HTTP REQUEST POST https://github.com/login/oauth/access_token  
 {"client_id":"89cf50f02ac6aaed3484","client_secret":"3330d14abc895d9a74d5f17cd7a00711fa2c5bf0","code":"ef766bf92ccbdc721b72","redirect_uri":"http://localhost:9005","state":"200583856"}
[debug] [2022-03-06T16:42:04.337Z] <<< HTTP RESPONSE 200 {"server":"GitHub.com","date":"Sun, 06 Mar 2022 16:42:04 GMT","content-type":"application/json; charset=utf-8","transfer-encoding":"chunked","vary":"X-PJAX, X-PJAX-Container, Accept-Encoding, Accept, X-Requested-With","permissions-policy":"interest-cohort=()","etag":"W/\"77e52f17359f6ff90a73405987542b04\"","cache-control":"max-age=0, private, must-revalidate","strict-transport-security":"max-age=31536000; includeSubdomains; preload","x-frame-options":"deny","x-content-type-options":"nosniff","x-xss-protection":"0","referrer-policy":"origin-when-cross-origin, strict-origin-when-cross-origin","expect-ct":"max-age=2592000, report-uri=\"https://api.github.com/_private/browser/errors\"","content-security-policy":"default-src 'none'; base-uri 'self'; block-all-mixed-content; child-src github.com/assets-cdn/worker/ gist.github.com/assets-cdn/worker/; connect-src 'self' uploads.github.com objects-origin.githubusercontent.com www.githubstatus.com collector.githubapp.com collector.github.com api.github.com github-cloud.s3.amazonaws.com github-production-repository-file-5c1aeb.s3.amazonaws.com github-production-upload-manifest-file-7fdce7.s3.amazonaws.com github-production-user-asset-6210df.s3.amazonaws.com cdn.optimizely.com logx.optimizely.com/v1/events translator.github.com wss://alive.github.com; font-src github.githubassets.com; form-action 'self' github.com gist.github.com objects-origin.githubusercontent.com; frame-ancestors 'none'; frame-src render.githubusercontent.com viewscreen.githubusercontent.com notebooks.githubusercontent.com; img-src 'self' data: github.githubassets.com identicons.github.com collector.githubapp.com collector.github.com github-cloud.s3.amazonaws.com secured-user-images.githubusercontent.com/ *.githubusercontent.com; manifest-src 'self'; media-src github.com user-images.githubusercontent.com/; script-src github.githubassets.com; style-src 'unsafe-inline' github.githubassets.com; worker-src github.com/assets-cdn/worker/ gist.github.com/assets-cdn/worker/","x-github-request-id":"F831:141E:17A8246:2B2A679:6224E45C"}
[debug] [2022-03-06T16:42:04.341Z] >>> [apiv2][query] GET https://api.github.com/user [none]
[debug] [2022-03-06T16:42:04.554Z] <<< [apiv2][status] GET https://api.github.com/user 200
[debug] [2022-03-06T16:42:04.555Z] <<< [apiv2][body] GET https://api.github.com/user {"login":"Perronef5","id":19807431,"node_id":"MDQ6VXNlcjE5ODA3NDMx","avatar_url":"https://avatars.githubusercontent.com/u/19807431?v=4","gravatar_id":"","url":"https://api.github.com/users/Perronef5","html_url":"https://github.com/Perronef5","followers_url":"https://api.github.com/users/Perronef5/followers","following_url":"https://api.github.com/users/Perronef5/following{/other_user}","gists_url":"https://api.github.com/users/Perronef5/gists{/gist_id}","starred_url":"https://api.github.com/users/Perronef5/starred{/owner}{/repo}","subscriptions_url":"https://api.github.com/users/Perronef5/subscriptions","organizations_url":"https://api.github.com/users/Perronef5/orgs","repos_url":"https://api.github.com/users/Perronef5/repos","events_url":"https://api.github.com/users/Perronef5/events{/privacy}","received_events_url":"https://api.github.com/users/Perronef5/received_events","type":"User","site_admin":false,"name":"Luis Perrone","company":"@UltimateSoftware ","blog":"","location":"Miami, FL","email":"peronif5@gmail.com","hireable":true,"bio":null,"twitter_username":null,"public_repos":8,"public_gists":0,"followers":7,"following":14,"created_at":"2016-06-07T21:45:41Z","updated_at":"2022-03-05T01:50:02Z","private_gists":0,"total_private_repos":5,"owned_private_repos":5,"disk_usage":221559,"collaborators":2,"two_factor_authentication":true,"plan":{"name":"free","space":976562499,"collaborators":0,"private_repos":10000}}
[info] 
[info] +  Success! Logged into GitHub as Perronef5 
[info] 
[debug] [2022-03-06T16:42:15.912Z] >>> [apiv2][query] GET https://api.github.com/repos/PalmDAO/PalmDappTest/actions/secrets/public-key type=owner
[debug] [2022-03-06T16:42:16.064Z] <<< [apiv2][status] GET https://api.github.com/repos/PalmDAO/PalmDappTest/actions/secrets/public-key 404
[debug] [2022-03-06T16:42:16.065Z] <<< [apiv2][body] GET https://api.github.com/repos/PalmDAO/PalmDappTest/actions/secrets/public-key {"message":"Not Found","documentation_url":"https://docs.github.com/rest/reference/actions#get-a-repository-public-key"}
[debug] [2022-03-06T16:42:17.178Z] >>> [apiv2][query] GET https://api.github.com/repos/PalmDAO/PalmDappTest/actions/secrets/public-key type=owner
[debug] [2022-03-06T16:42:17.327Z] <<< [apiv2][status] GET https://api.github.com/repos/PalmDAO/PalmDappTest/actions/secrets/public-key 404
[debug] [2022-03-06T16:42:17.327Z] <<< [apiv2][body] GET https://api.github.com/repos/PalmDAO/PalmDappTest/actions/secrets/public-key {"message":"Not Found","documentation_url":"https://docs.github.com/rest/reference/actions#get-a-repository-public-key"}
[debug] [2022-03-06T16:42:17.846Z] >>> [apiv2][query] GET https://api.github.com/repos/PalmDAO/PalmDappTest/actions/secrets/public-key type=owner
[debug] [2022-03-06T16:42:17.998Z] <<< [apiv2][status] GET https://api.github.com/repos/PalmDAO/PalmDappTest/actions/secrets/public-key 404
[debug] [2022-03-06T16:42:17.998Z] <<< [apiv2][body] GET https://api.github.com/repos/PalmDAO/PalmDappTest/actions/secrets/public-key {"message":"Not Found","documentation_url":"https://docs.github.com/rest/reference/actions#get-a-repository-public-key"}
[debug] [2022-03-06T16:42:25.185Z] >>> [apiv2][query] GET https://api.github.com/repos/PalmDAO/PalmDappTest/actions/secrets/public-key type=owner
[debug] [2022-03-06T16:42:25.340Z] <<< [apiv2][status] GET https://api.github.com/repos/PalmDAO/PalmDappTest/actions/secrets/public-key 404
[debug] [2022-03-06T16:42:25.340Z] <<< [apiv2][body] GET https://api.github.com/repos/PalmDAO/PalmDappTest/actions/secrets/public-key {"message":"Not Found","documentation_url":"https://docs.github.com/rest/reference/actions#get-a-repository-public-key"}
[debug] [2022-03-06T16:42:31.414Z] >>> [apiv2][query] GET https://api.github.com/repos/PalmDAO/PalmDappTest/actions/secrets/public-key type=owner
[debug] [2022-03-06T16:42:31.571Z] <<< [apiv2][status] GET https://api.github.com/repos/PalmDAO/PalmDappTest/actions/secrets/public-key 404
[debug] [2022-03-06T16:42:31.571Z] <<< [apiv2][body] GET https://api.github.com/repos/PalmDAO/PalmDappTest/actions/secrets/public-key {"message":"Not Found","documentation_url":"https://docs.github.com/rest/reference/actions#get-a-repository-public-key"}
[debug] [2022-03-06T16:42:31.931Z] >>> [apiv2][query] GET https://api.github.com/repos/PalmDAO/PalmDappTest/actions/secrets/public-key type=owner
[debug] [2022-03-06T16:42:32.077Z] <<< [apiv2][status] GET https://api.github.com/repos/PalmDAO/PalmDappTest/actions/secrets/public-key 404
[debug] [2022-03-06T16:42:32.077Z] <<< [apiv2][body] GET https://api.github.com/repos/PalmDAO/PalmDappTest/actions/secrets/public-key {"message":"Not Found","documentation_url":"https://docs.github.com/rest/reference/actions#get-a-repository-public-key"}
[debug] [2022-03-06T16:42:43.166Z] >>> [apiv2][query] GET https://api.github.com/repos/PalmDAO/PalmDappTest/actions/secrets/public-key type=owner
[debug] [2022-03-06T16:42:43.324Z] <<< [apiv2][status] GET https://api.github.com/repos/PalmDAO/PalmDappTest/actions/secrets/public-key 404
[debug] [2022-03-06T16:42:43.324Z] <<< [apiv2][body] GET https://api.github.com/repos/PalmDAO/PalmDappTest/actions/secrets/public-key {"message":"Not Found","documentation_url":"https://docs.github.com/rest/reference/actions#get-a-repository-public-key"}
[debug] [2022-03-06T16:42:44.183Z] >>> [apiv2][query] GET https://api.github.com/repos/PalmDAO/PalmDappTest/actions/secrets/public-key type=owner
[debug] [2022-03-06T16:42:44.335Z] <<< [apiv2][status] GET https://api.github.com/repos/PalmDAO/PalmDappTest/actions/secrets/public-key 404
[debug] [2022-03-06T16:42:44.335Z] <<< [apiv2][body] GET https://api.github.com/repos/PalmDAO/PalmDappTest/actions/secrets/public-key {"message":"Not Found","documentation_url":"https://docs.github.com/rest/reference/actions#get-a-repository-public-key"}
[debug] [2022-03-06T16:43:15.220Z] >>> [apiv2][query] GET https://api.github.com/repos/PalmDAO/PalmDappTest/actions/secrets/public-key type=owner
[debug] [2022-03-06T16:43:15.383Z] <<< [apiv2][status] GET https://api.github.com/repos/PalmDAO/PalmDappTest/actions/secrets/public-key 404
[debug] [2022-03-06T16:43:15.383Z] <<< [apiv2][body] GET https://api.github.com/repos/PalmDAO/PalmDappTest/actions/secrets/public-key {"message":"Not Found","documentation_url":"https://docs.github.com/rest/reference/actions#get-a-repository-public-key"}
[debug] [2022-03-06T16:43:22.033Z] >>> [apiv2][query] GET https://api.github.com/repos/PalmDAO/PalmDappTest/actions/secrets/public-key type=owner
[debug] [2022-03-06T16:43:22.189Z] <<< [apiv2][status] GET https://api.github.com/repos/PalmDAO/PalmDappTest/actions/secrets/public-key 404
[debug] [2022-03-06T16:43:22.190Z] <<< [apiv2][body] GET https://api.github.com/repos/PalmDAO/PalmDappTest/actions/secrets/public-key {"message":"Not Found","documentation_url":"https://docs.github.com/rest/reference/actions#get-a-repository-public-key"}
[debug] [2022-03-06T16:43:39.630Z] ----------------------------------------------------------------------
[debug] [2022-03-06T16:43:39.631Z] Command:       C:\Program Files\nodejs\node.exe C:\Users\Admin\AppData\Roaming\npm\node_modules\firebase-tools\lib\bin\firebase.js init hosting
[debug] [2022-03-06T16:43:39.631Z] CLI Version:   10.2.2
[debug] [2022-03-06T16:43:39.631Z] Platform:      win32
[debug] [2022-03-06T16:43:39.631Z] Node Version:  v14.18.1
[debug] [2022-03-06T16:43:39.632Z] Time:          Sun Mar 06 2022 08:43:39 GMT-0800 (Pacific Standard Time)
[debug] [2022-03-06T16:43:39.632Z] ----------------------------------------------------------------------
[debug] 
[debug] [2022-03-06T16:43:39.638Z] > command requires scopes: ["email","openid","https://www.googleapis.com/auth/cloudplatformprojects.readonly","https://www.googleapis.com/auth/firebase","https://www.googleapis.com/auth/cloud-platform"]
[debug] [2022-03-06T16:43:39.638Z] > authorizing via signed-in user (peronif5@gmail.com)
[info] 
     ######## #### ########  ######## ########     ###     ######  ########
     ##        ##  ##     ## ##       ##     ##  ##   ##  ##       ##
     ######    ##  ########  ######   ########  #########  ######  ######
     ##        ##  ##    ##  ##       ##     ## ##     ##       ## ##
     ##       #### ##     ## ######## ########  ##     ##  ######  ########

You're about to initialize a Firebase project in this directory:

  C:\Users\Admin\MyWorkspace\PalmTreeWorkspace\PalmDApp

[info] 
=== Project Setup
[info] 
[info] First, let's associate this project directory with a Firebase project.
[info] You can create multiple project aliases by running firebase use --add, 
[info] but for now we'll just set up a default project.
[info] 
[debug] [2022-03-06T16:43:43.014Z] >>> [apiv2][query] GET https://firebase.googleapis.com/v1beta1/projects pageSize=100
[debug] [2022-03-06T16:43:43.306Z] <<< [apiv2][status] GET https://firebase.googleapis.com/v1beta1/projects 200
[debug] [2022-03-06T16:43:43.306Z] <<< [apiv2][body] GET https://firebase.googleapis.com/v1beta1/projects [omitted]
[info] i  Using project palmdapp (PalmDApp) 
[info] 
=== Hosting Setup
[info] 
[info] Your public directory is the folder (relative to your project directory) that
[info] will contain Hosting assets to be uploaded with firebase deploy. If you
[info] have a build process for your assets, use your build's output directory.
[info] 
[debug] [2022-03-06T16:44:44.213Z] >>> [apiv2][query] GET https://www.gstatic.com/firebasejs/releases.json [none]
[debug] [2022-03-06T16:44:44.261Z] <<< [apiv2][status] GET https://www.gstatic.com/firebasejs/releases.json 200
[debug] [2022-03-06T16:44:44.261Z] <<< [apiv2][body] GET https://www.gstatic.com/firebasejs/releases.json {"current":{"version":"9.6.8","browserURL":"https://www.gstatic.com/firebasejs/9.6.8/firebase.js","packageURL":"https://www.gstatic.com/firebasejs/9.6.8/firebase.tgz"},"live":{"version":"9.6","browserURL":"https://www.gstatic.com/firebasejs/live/9.6/firebase.js","packageURL":"https://www.gstatic.com/firebasejs/live/9.6/firebase.tgz"},"components":{"analytics":"https://www.gstatic.com/firebasejs/9.6.8/firebase-analytics.js","app":"https://www.gstatic.com/firebasejs/9.6.8/firebase-app.js","app-check":"https://www.gstatic.com/firebasejs/9.6.8/firebase-app-check.js","auth":"https://www.gstatic.com/firebasejs/9.6.8/firebase-auth.js","auth/cordova":"https://www.gstatic.com/firebasejs/9.6.8/firebase-auth/cordova.js","auth/react-native":"https://www.gstatic.com/firebasejs/9.6.8/firebase-auth/react-native.js","functions":"https://www.gstatic.com/firebasejs/9.6.8/firebase-functions.js","firestore":"https://www.gstatic.com/firebasejs/9.6.8/firebase-firestore.js","firestore/lite":"https://www.gstatic.com/firebasejs/9.6.8/firebase-firestore/lite.js","storage":"https://www.gstatic.com/firebasejs/9.6.8/firebase-storage.js","performance":"https://www.gstatic.com/firebasejs/9.6.8/firebase-performance.js","remote-config":"https://www.gstatic.com/firebasejs/9.6.8/firebase-remote-config.js","messaging":"https://www.gstatic.com/firebasejs/9.6.8/firebase-messaging.js","messaging/sw":"https://www.gstatic.com/firebasejs/9.6.8/firebase-messaging/sw.js","database":"https://www.gstatic.com/firebasejs/9.6.8/firebase-database.js","firestore.memory":"https://www.gstatic.com/firebasejs/9.6.8/firebase-firestore.memory.js"}}
[info] i  Skipping write of public/index.html 
[info] 
[info] i  Detected a .git folder at C:\Users\Admin\MyWorkspace\PalmTreeWorkspace\PalmDApp 
[info] i  Authorizing with GitHub to upload your service account to a GitHub repository's secrets store. 
[info] 
[info] Visit this URL on this device to log in:
[info] https://github.com/login/oauth/authorize?client_id=89cf50f02ac6aaed3484&state=638808851&redirect_uri=http%3A%2F%2Flocalhost%3A9005&scope=read%3Auser%20repo%20public_repo
[info] 
[info] Waiting for authentication...
[debug] [2022-03-06T16:44:49.393Z] >>> HTTP REQUEST POST https://github.com/login/oauth/access_token  
 {"client_id":"89cf50f02ac6aaed3484","client_secret":"3330d14abc895d9a74d5f17cd7a00711fa2c5bf0","code":"31c040d6623a771d1b1b","redirect_uri":"http://localhost:9005","state":"638808851"}
[debug] [2022-03-06T16:44:49.575Z] <<< HTTP RESPONSE 200 {"server":"GitHub.com","date":"Sun, 06 Mar 2022 16:44:50 GMT","content-type":"application/json; charset=utf-8","transfer-encoding":"chunked","vary":"X-PJAX, X-PJAX-Container, Accept-Encoding, Accept, X-Requested-With","permissions-policy":"interest-cohort=()","etag":"W/\"e732da6e3e6bb304ce001391d32ca5a9\"","cache-control":"max-age=0, private, must-revalidate","strict-transport-security":"max-age=31536000; includeSubdomains; preload","x-frame-options":"deny","x-content-type-options":"nosniff","x-xss-protection":"0","referrer-policy":"origin-when-cross-origin, strict-origin-when-cross-origin","expect-ct":"max-age=2592000, report-uri=\"https://api.github.com/_private/browser/errors\"","content-security-policy":"default-src 'none'; base-uri 'self'; block-all-mixed-content; child-src github.com/assets-cdn/worker/ gist.github.com/assets-cdn/worker/; connect-src 'self' uploads.github.com objects-origin.githubusercontent.com www.githubstatus.com collector.githubapp.com collector.github.com api.github.com github-cloud.s3.amazonaws.com github-production-repository-file-5c1aeb.s3.amazonaws.com github-production-upload-manifest-file-7fdce7.s3.amazonaws.com github-production-user-asset-6210df.s3.amazonaws.com cdn.optimizely.com logx.optimizely.com/v1/events translator.github.com wss://alive.github.com; font-src github.githubassets.com; form-action 'self' github.com gist.github.com objects-origin.githubusercontent.com; frame-ancestors 'none'; frame-src render.githubusercontent.com viewscreen.githubusercontent.com notebooks.githubusercontent.com; img-src 'self' data: github.githubassets.com identicons.github.com collector.githubapp.com collector.github.com github-cloud.s3.amazonaws.com secured-user-images.githubusercontent.com/ *.githubusercontent.com; manifest-src 'self'; media-src github.com user-images.githubusercontent.com/; script-src github.githubassets.com; style-src 'unsafe-inline' github.githubassets.com; worker-src github.com/assets-cdn/worker/ gist.github.com/assets-cdn/worker/","x-github-request-id":"FCCB:1588:B5A235:12434C5:6224E501"}
[debug] [2022-03-06T16:44:49.579Z] >>> [apiv2][query] GET https://api.github.com/user [none]
[debug] [2022-03-06T16:44:49.783Z] <<< [apiv2][status] GET https://api.github.com/user 200
[debug] [2022-03-06T16:44:49.784Z] <<< [apiv2][body] GET https://api.github.com/user {"login":"Perronef5","id":19807431,"node_id":"MDQ6VXNlcjE5ODA3NDMx","avatar_url":"https://avatars.githubusercontent.com/u/19807431?v=4","gravatar_id":"","url":"https://api.github.com/users/Perronef5","html_url":"https://github.com/Perronef5","followers_url":"https://api.github.com/users/Perronef5/followers","following_url":"https://api.github.com/users/Perronef5/following{/other_user}","gists_url":"https://api.github.com/users/Perronef5/gists{/gist_id}","starred_url":"https://api.github.com/users/Perronef5/starred{/owner}{/repo}","subscriptions_url":"https://api.github.com/users/Perronef5/subscriptions","organizations_url":"https://api.github.com/users/Perronef5/orgs","repos_url":"https://api.github.com/users/Perronef5/repos","events_url":"https://api.github.com/users/Perronef5/events{/privacy}","received_events_url":"https://api.github.com/users/Perronef5/received_events","type":"User","site_admin":false,"name":"Luis Perrone","company":"@UltimateSoftware ","blog":"","location":"Miami, FL","email":"peronif5@gmail.com","hireable":true,"bio":null,"twitter_username":null,"public_repos":8,"public_gists":0,"followers":7,"following":14,"created_at":"2016-06-07T21:45:41Z","updated_at":"2022-03-05T01:50:02Z","private_gists":0,"total_private_repos":5,"owned_private_repos":5,"disk_usage":221559,"collaborators":2,"two_factor_authentication":true,"plan":{"name":"free","space":976562499,"collaborators":0,"private_repos":10000}}
[info] 
[info] +  Success! Logged into GitHub as Perronef5 
[info] 
[debug] [2022-03-06T16:44:52.284Z] >>> [apiv2][query] GET https://api.github.com/repos/PalmDAO/PalmDappTest/actions/secrets/public-key type=owner
[debug] [2022-03-06T16:44:52.449Z] <<< [apiv2][status] GET https://api.github.com/repos/PalmDAO/PalmDappTest/actions/secrets/public-key 404
[debug] [2022-03-06T16:44:52.449Z] <<< [apiv2][body] GET https://api.github.com/repos/PalmDAO/PalmDappTest/actions/secrets/public-key {"message":"Not Found","documentation_url":"https://docs.github.com/rest/reference/actions#get-a-repository-public-key"}
[debug] [2022-03-06T16:44:52.725Z] >>> [apiv2][query] GET https://api.github.com/repos/PalmDAO/PalmDappTest/actions/secrets/public-key type=owner
[debug] [2022-03-06T16:44:52.937Z] <<< [apiv2][status] GET https://api.github.com/repos/PalmDAO/PalmDappTest/actions/secrets/public-key 404
[debug] [2022-03-06T16:44:52.937Z] <<< [apiv2][body] GET https://api.github.com/repos/PalmDAO/PalmDappTest/actions/secrets/public-key {"message":"Not Found","documentation_url":"https://docs.github.com/rest/reference/actions#get-a-repository-public-key"}
[debug] [2022-03-06T16:44:53.164Z] >>> [apiv2][query] GET https://api.github.com/repos/PalmDAO/PalmDappTest/actions/secrets/public-key type=owner
[debug] [2022-03-06T16:44:53.339Z] <<< [apiv2][status] GET https://api.github.com/repos/PalmDAO/PalmDappTest/actions/secrets/public-key 404
[debug] [2022-03-06T16:44:53.339Z] <<< [apiv2][body] GET https://api.github.com/repos/PalmDAO/PalmDappTest/actions/secrets/public-key {"message":"Not Found","documentation_url":"https://docs.github.com/rest/reference/actions#get-a-repository-public-key"}
[debug] [2022-03-06T16:44:53.404Z] >>> [apiv2][query] GET https://api.github.com/repos/PalmDAO/PalmDappTest/actions/secrets/public-key type=owner
[debug] [2022-03-06T16:44:53.581Z] <<< [apiv2][status] GET https://api.github.com/repos/PalmDAO/PalmDappTest/actions/secrets/public-key 404
[debug] [2022-03-06T16:44:53.581Z] <<< [apiv2][body] GET https://api.github.com/repos/PalmDAO/PalmDappTest/actions/secrets/public-key {"message":"Not Found","documentation_url":"https://docs.github.com/rest/reference/actions#get-a-repository-public-key"}
[debug] [2022-03-06T16:44:53.607Z] >>> [apiv2][query] GET https://api.github.com/repos/PalmDAO/PalmDappTest/actions/secrets/public-key type=owner
[debug] [2022-03-06T16:44:53.774Z] <<< [apiv2][status] GET https://api.github.com/repos/PalmDAO/PalmDappTest/actions/secrets/public-key 404
[debug] [2022-03-06T16:44:53.774Z] <<< [apiv2][body] GET https://api.github.com/repos/PalmDAO/PalmDappTest/actions/secrets/public-key {"message":"Not Found","documentation_url":"https://docs.github.com/rest/reference/actions#get-a-repository-public-key"}
[debug] [2022-03-06T16:44:53.790Z] >>> [apiv2][query] GET https://api.github.com/repos/PalmDAO/PalmDappTest/actions/secrets/public-key type=owner
[debug] [2022-03-06T16:44:53.952Z] <<< [apiv2][status] GET https://api.github.com/repos/PalmDAO/PalmDappTest/actions/secrets/public-key 404
[debug] [2022-03-06T16:44:53.952Z] <<< [apiv2][body] GET https://api.github.com/repos/PalmDAO/PalmDappTest/actions/secrets/public-key {"message":"Not Found","documentation_url":"https://docs.github.com/rest/reference/actions#get-a-repository-public-key"}
[debug] [2022-03-06T16:44:53.975Z] >>> [apiv2][query] GET https://api.github.com/repos/PalmDAO/PalmDappTest/actions/secrets/public-key type=owner
[debug] [2022-03-06T16:44:54.125Z] >>> [apiv2][query] GET https://api.github.com/repos/PalmDAO/PalmDappTest/actions/secrets/public-key type=owner
[debug] [2022-03-06T16:44:54.136Z] <<< [apiv2][status] GET https://api.github.com/repos/PalmDAO/PalmDappTest/actions/secrets/public-key 404
[debug] [2022-03-06T16:44:54.136Z] <<< [apiv2][body] GET https://api.github.com/repos/PalmDAO/PalmDappTest/actions/secrets/public-key {"message":"Not Found","documentation_url":"https://docs.github.com/rest/reference/actions#get-a-repository-public-key"}
[debug] [2022-03-06T16:44:54.309Z] <<< [apiv2][status] GET https://api.github.com/repos/PalmDAO/PalmDappTest/actions/secrets/public-key 404
[debug] [2022-03-06T16:44:54.309Z] <<< [apiv2][body] GET https://api.github.com/repos/PalmDAO/PalmDappTest/actions/secrets/public-key {"message":"Not Found","documentation_url":"https://docs.github.com/rest/reference/actions#get-a-repository-public-key"}
[debug] [2022-03-06T16:44:55.738Z] >>> [apiv2][query] GET https://api.github.com/repos/PalmDAO/PalmDappTestPalmDAO/PalmDappTest/actions/secrets/public-key type=owner
[debug] [2022-03-06T16:44:55.884Z] <<< [apiv2][status] GET https://api.github.com/repos/PalmDAO/PalmDappTestPalmDAO/PalmDappTest/actions/secrets/public-key 404
[debug] [2022-03-06T16:44:55.884Z] <<< [apiv2][body] GET https://api.github.com/repos/PalmDAO/PalmDappTestPalmDAO/PalmDappTest/actions/secrets/public-key {"message":"Not Found","documentation_url":"https://docs.github.com/rest"}
[debug] [2022-03-06T16:44:56.056Z] >>> [apiv2][query] GET https://api.github.com/repos/PalmDAO/PalmDappTestPalmDAO/PalmDappTest/actions/secrets/public-key type=owner
[debug] [2022-03-06T16:44:56.208Z] <<< [apiv2][status] GET https://api.github.com/repos/PalmDAO/PalmDappTestPalmDAO/PalmDappTest/actions/secrets/public-key 404
[debug] [2022-03-06T16:44:56.208Z] <<< [apiv2][body] GET https://api.github.com/repos/PalmDAO/PalmDappTestPalmDAO/PalmDappTest/actions/secrets/public-key {"message":"Not Found","documentation_url":"https://docs.github.com/rest"}
[debug] [2022-03-06T16:44:56.255Z] >>> [apiv2][query] GET https://api.github.com/repos/PalmDAO/PalmDappTestPalmDAO/PalmDappTest/actions/secrets/public-key type=owner
[debug] [2022-03-06T16:44:56.399Z] <<< [apiv2][status] GET https://api.github.com/repos/PalmDAO/PalmDappTestPalmDAO/PalmDappTest/actions/secrets/public-key 404
[debug] [2022-03-06T16:44:56.399Z] <<< [apiv2][body] GET https://api.github.com/repos/PalmDAO/PalmDappTestPalmDAO/PalmDappTest/actions/secrets/public-key {"message":"Not Found","documentation_url":"https://docs.github.com/rest"}
[debug] [2022-03-06T16:44:56.435Z] >>> [apiv2][query] GET https://api.github.com/repos/PalmDAO/PalmDappTestPalmDAO/PalmDappTest/actions/secrets/public-key type=owner
[debug] [2022-03-06T16:44:56.578Z] <<< [apiv2][status] GET https://api.github.com/repos/PalmDAO/PalmDappTestPalmDAO/PalmDappTest/actions/secrets/public-key 404
[debug] [2022-03-06T16:44:56.578Z] <<< [apiv2][body] GET https://api.github.com/repos/PalmDAO/PalmDappTestPalmDAO/PalmDappTest/actions/secrets/public-key {"message":"Not Found","documentation_url":"https://docs.github.com/rest"}
[debug] [2022-03-06T16:45:38.484Z] >>> [apiv2][query] GET https://api.github.com/repos/PerroneF5/PalmDappTest/actions/secrets/public-key type=owner
[debug] [2022-03-06T16:45:38.621Z] <<< [apiv2][status] GET https://api.github.com/repos/PerroneF5/PalmDappTest/actions/secrets/public-key 404
[debug] [2022-03-06T16:45:38.621Z] <<< [apiv2][body] GET https://api.github.com/repos/PerroneF5/PalmDappTest/actions/secrets/public-key {"message":"Not Found","documentation_url":"https://docs.github.com/rest/reference/actions#get-a-repository-public-key"}
[debug] [2022-03-06T16:45:39.069Z] >>> [apiv2][query] GET https://api.github.com/repos/PerroneF5/PalmDappTest/actions/secrets/public-key type=owner
[debug] [2022-03-06T16:45:39.213Z] <<< [apiv2][status] GET https://api.github.com/repos/PerroneF5/PalmDappTest/actions/secrets/public-key 404
[debug] [2022-03-06T16:45:39.213Z] <<< [apiv2][body] GET https://api.github.com/repos/PerroneF5/PalmDappTest/actions/secrets/public-key {"message":"Not Found","documentation_url":"https://docs.github.com/rest/reference/actions#get-a-repository-public-key"}
[debug] [2022-03-06T16:54:27.930Z] >>> [apiv2][query] GET https://api.github.com/repos/PalmDAO/PalmDappTestPalmDAO/PalmDappTest/actions/secrets/public-key type=owner
[debug] [2022-03-06T16:54:28.072Z] <<< [apiv2][status] GET https://api.github.com/repos/PalmDAO/PalmDappTestPalmDAO/PalmDappTest/actions/secrets/public-key 404
[debug] [2022-03-06T16:54:28.072Z] <<< [apiv2][body] GET https://api.github.com/repos/PalmDAO/PalmDappTestPalmDAO/PalmDappTest/actions/secrets/public-key {"message":"Not Found","documentation_url":"https://docs.github.com/rest"}
[debug] [2022-03-06T16:54:28.545Z] >>> [apiv2][query] GET https://api.github.com/repos/PalmDAO/PalmDappTestPalmDAO/PalmDappTest/actions/secrets/public-key type=owner
[debug] [2022-03-06T16:54:28.694Z] <<< [apiv2][status] GET https://api.github.com/repos/PalmDAO/PalmDappTestPalmDAO/PalmDappTest/actions/secrets/public-key 404
[debug] [2022-03-06T16:54:28.694Z] <<< [apiv2][body] GET https://api.github.com/repos/PalmDAO/PalmDappTestPalmDAO/PalmDappTest/actions/secrets/public-key {"message":"Not Found","documentation_url":"https://docs.github.com/rest"}
[debug] [2022-03-06T16:54:29.054Z] >>> [apiv2][query] GET https://api.github.com/repos/PalmDAO/PalmDappTestPalmDAO/PalmDappTest/actions/secrets/public-key type=owner
[debug] [2022-03-06T16:54:29.194Z] <<< [apiv2][status] GET https://api.github.com/repos/PalmDAO/PalmDappTestPalmDAO/PalmDappTest/actions/secrets/public-key 404
[debug] [2022-03-06T16:54:29.194Z] <<< [apiv2][body] GET https://api.github.com/repos/PalmDAO/PalmDappTestPalmDAO/PalmDappTest/actions/secrets/public-key {"message":"Not Found","documentation_url":"https://docs.github.com/rest"}
[debug] [2022-03-06T16:54:29.329Z] >>> [apiv2][query] GET https://api.github.com/repos/PalmDAO/PalmDappTestPalmDAO/PalmDappTest/actions/secrets/public-key type=owner
[debug] [2022-03-06T16:54:29.481Z] <<< [apiv2][status] GET https://api.github.com/repos/PalmDAO/PalmDappTestPalmDAO/PalmDappTest/actions/secrets/public-key 404
[debug] [2022-03-06T16:54:29.481Z] <<< [apiv2][body] GET https://api.github.com/repos/PalmDAO/PalmDappTestPalmDAO/PalmDappTest/actions/secrets/public-key {"message":"Not Found","documentation_url":"https://docs.github.com/rest"}
[debug] [2022-03-06T16:54:29.596Z] >>> [apiv2][query] GET https://api.github.com/repos/PalmDAO/PalmDappTestPalmDAO/PalmDappTest/actions/secrets/public-key type=owner
[debug] [2022-03-06T16:54:29.747Z] <<< [apiv2][status] GET https://api.github.com/repos/PalmDAO/PalmDappTestPalmDAO/PalmDappTest/actions/secrets/public-key 404
[debug] [2022-03-06T16:54:29.748Z] <<< [apiv2][body] GET https://api.github.com/repos/PalmDAO/PalmDappTestPalmDAO/PalmDappTest/actions/secrets/public-key {"message":"Not Found","documentation_url":"https://docs.github.com/rest"}
[debug] [2022-03-06T16:54:29.830Z] >>> [apiv2][query] GET https://api.github.com/repos/PalmDAO/PalmDappTestPalmDAO/PalmDappTest/actions/secrets/public-key type=owner
[debug] [2022-03-06T16:54:29.977Z] <<< [apiv2][status] GET https://api.github.com/repos/PalmDAO/PalmDappTestPalmDAO/PalmDappTest/actions/secrets/public-key 404
[debug] [2022-03-06T16:54:29.977Z] <<< [apiv2][body] GET https://api.github.com/repos/PalmDAO/PalmDappTestPalmDAO/PalmDappTest/actions/secrets/public-key {"message":"Not Found","documentation_url":"https://docs.github.com/rest"}
[debug] [2022-03-06T16:54:30.048Z] >>> [apiv2][query] GET https://api.github.com/repos/PalmDAO/PalmDappTestPalmDAO/PalmDappTest/actions/secrets/public-key type=owner
[debug] [2022-03-06T16:54:30.191Z] <<< [apiv2][status] GET https://api.github.com/repos/PalmDAO/PalmDappTestPalmDAO/PalmDappTest/actions/secrets/public-key 404
[debug] [2022-03-06T16:54:30.191Z] <<< [apiv2][body] GET https://api.github.com/repos/PalmDAO/PalmDappTestPalmDAO/PalmDappTest/actions/secrets/public-key {"message":"Not Found","documentation_url":"https://docs.github.com/rest"}
[debug] [2022-03-06T16:54:30.282Z] >>> [apiv2][query] GET https://api.github.com/repos/PalmDAO/PalmDappTestPalmDAO/PalmDappTest/actions/secrets/public-key type=owner
[debug] [2022-03-06T16:54:30.427Z] <<< [apiv2][status] GET https://api.github.com/repos/PalmDAO/PalmDappTestPalmDAO/PalmDappTest/actions/secrets/public-key 404
[debug] [2022-03-06T16:54:30.427Z] <<< [apiv2][body] GET https://api.github.com/repos/PalmDAO/PalmDappTestPalmDAO/PalmDappTest/actions/secrets/public-key {"message":"Not Found","documentation_url":"https://docs.github.com/rest"}
[debug] [2022-03-06T16:54:30.499Z] >>> [apiv2][query] GET https://api.github.com/repos/PalmDAO/PalmDappTestPalmDAO/PalmDappTest/actions/secrets/public-key type=owner
[debug] [2022-03-06T16:54:30.640Z] <<< [apiv2][status] GET https://api.github.com/repos/PalmDAO/PalmDappTestPalmDAO/PalmDappTest/actions/secrets/public-key 404
[debug] [2022-03-06T16:54:30.640Z] <<< [apiv2][body] GET https://api.github.com/repos/PalmDAO/PalmDappTestPalmDAO/PalmDappTest/actions/secrets/public-key {"message":"Not Found","documentation_url":"https://docs.github.com/rest"}
[debug] [2022-03-06T16:54:33.651Z] >>> [apiv2][query] GET https://api.github.com/repos/PalmDAO/PalmDappTest/actions/secrets/public-key type=owner
[debug] [2022-03-06T16:54:33.812Z] <<< [apiv2][status] GET https://api.github.com/repos/PalmDAO/PalmDappTest/actions/secrets/public-key 404
[debug] [2022-03-06T16:54:33.813Z] <<< [apiv2][body] GET https://api.github.com/repos/PalmDAO/PalmDappTest/actions/secrets/public-key {"message":"Not Found","documentation_url":"https://docs.github.com/rest/reference/actions#get-a-repository-public-key"}
[debug] [2022-03-06T16:54:45.884Z] >>> [apiv2][query] GET https://api.github.com/repos/palmdao/palmdapptest/actions/secrets/public-key type=owner
[debug] [2022-03-06T16:54:46.040Z] <<< [apiv2][status] GET https://api.github.com/repos/palmdao/palmdapptest/actions/secrets/public-key 404
[debug] [2022-03-06T16:54:46.040Z] <<< [apiv2][body] GET https://api.github.com/repos/palmdao/palmdapptest/actions/secrets/public-key {"message":"Not Found","documentation_url":"https://docs.github.com/rest/reference/actions#get-a-repository-public-key"}
